03:04:02.640 [main] INFO - Finding all users
03:04:02.649 [main] INFO - Users found
03:04:02.659 [main] INFO - Checking if user is product owner
03:04:02.669 [main] INFO - User found: testUser
03:04:02.669 [main] INFO - User is product owner
03:04:02.672 [main] INFO - Updating user visibility: testUser
03:04:02.673 [main] INFO - User visibility updated: testUser
03:04:02.676 [main] INFO - Checking if user is authenticated
03:04:02.684 [main] INFO - Checking if user is scrum master
03:04:02.685 [main] INFO - User found: testUser
03:04:02.685 [main] INFO - User is scrum master
03:04:02.689 [main] INFO - Checking if user is developer
03:04:02.690 [main] INFO - User found: testUser
03:04:02.690 [main] INFO - User is developer
03:04:02.693 [main] INFO - Checking if token is from username
03:04:02.693 [main] INFO - Token is from username
03:04:02.695 [main] INFO - Finding users by type: 100
03:04:02.695 [main] INFO - Users found by type: 100
03:04:02.695 [main] INFO - Converting user entity to DTO
03:14:07.707 [main] INFO - Checking if user is product owner
03:14:07.721 [main] INFO - User found: null
03:14:07.721 [main] INFO - User is product owner
03:14:07.749 [main] INFO - Checking if user is developer
03:14:07.749 [main] INFO - User found: null
03:14:07.749 [main] INFO - User is developer
03:14:07.753 [main] INFO - Checking if user is product owner
03:14:07.754 [main] INFO - User found: testUser
03:14:07.754 [main] INFO - User is product owner
03:14:07.758 [main] INFO - Updating user visibility: testUser
03:14:07.758 [main] INFO - User visibility updated: testUser
03:14:07.762 [main] INFO - Checking if user is scrum master
03:14:07.762 [main] INFO - User found: testUser
03:14:07.762 [main] INFO - User is scrum master
03:14:07.767 [main] INFO - Checking if user is developer
03:14:07.767 [main] INFO - User found: testUser
03:14:07.767 [main] INFO - User is developer
03:14:07.771 [main] INFO - Checking if token is from username
03:14:07.772 [main] INFO - Token is from username
03:14:07.778 [main] INFO - Deleting user: testUser
03:14:07.778 [main] INFO - User found: testUser
03:14:07.789 [main] INFO - Checking if user is scrum master
03:14:07.789 [main] INFO - User found: null
03:14:07.790 [main] INFO - User is scrum master
03:15:09.099 [main] INFO - Checking if user is product owner
03:15:09.115 [main] INFO - User found: null
03:15:09.115 [main] INFO - User is product owner
03:15:09.146 [main] INFO - Checking if user is developer
03:15:09.146 [main] INFO - User found: null
03:15:09.146 [main] INFO - User is developer
03:15:09.153 [main] INFO - Checking if user is product owner
03:15:09.153 [main] INFO - User found: testUser
03:15:09.153 [main] INFO - User is product owner
03:15:09.161 [main] INFO - Updating user visibility: testUser
03:15:09.161 [main] INFO - User visibility updated: testUser
03:15:09.166 [main] INFO - Checking if user is scrum master
03:15:09.167 [main] INFO - User found: testUser
03:15:09.167 [main] INFO - User is scrum master
03:15:09.172 [main] INFO - Checking if user is developer
03:15:09.172 [main] INFO - User found: testUser
03:15:09.173 [main] INFO - User is developer
03:15:09.179 [main] INFO - Checking if token is from username
03:15:09.179 [main] INFO - Token is from username
03:15:09.186 [main] INFO - Checking if user is scrum master
03:15:09.187 [main] INFO - User found: null
03:15:09.187 [main] INFO - User is scrum master
03:16:22.404 [main] INFO - Checking if user is product owner
03:16:22.417 [main] INFO - User found: null
03:16:22.417 [main] INFO - User is product owner
03:16:22.445 [main] INFO - Checking if user is developer
03:16:22.445 [main] INFO - User found: null
03:16:22.445 [main] INFO - User is developer
03:16:22.451 [main] INFO - Checking if user is product owner
03:16:22.452 [main] INFO - User found: testUser
03:16:22.452 [main] INFO - User is product owner
03:16:22.459 [main] INFO - Updating user visibility: testUser
03:16:22.460 [main] INFO - User visibility updated: testUser
03:16:22.468 [main] INFO - Checking if username is available
03:16:22.469 [main] INFO - Username is available: testUser
03:16:22.482 [main] INFO - Checking if user is authenticated
03:16:22.483 [main] INFO - User is authenticated
03:16:22.497 [main] INFO - Checking if user is scrum master
03:16:22.498 [main] INFO - User found: testUser
03:16:22.498 [main] INFO - User is scrum master
03:16:22.503 [main] INFO - Checking if email is valid
03:16:22.504 [main] INFO - Checking if email format is valid
03:16:22.504 [main] INFO - Email is valid: test@test.com
03:16:22.509 [main] INFO - Checking if user is developer
03:16:22.509 [main] INFO - User found: testUser
03:16:22.510 [main] INFO - User is developer
03:16:22.513 [main] INFO - Checking if token is from username
03:16:22.514 [main] INFO - Token is from username
03:16:22.518 [main] INFO - Logging out user: null
03:16:22.524 [main] INFO - Checking if phone number is valid
03:16:22.524 [main] INFO - Phone number is valid: 123456789
03:16:22.529 [main] INFO - Checking if user is scrum master
03:16:22.529 [main] INFO - User found: null
03:16:22.529 [main] INFO - User is scrum master
03:25:21.487 [main] INFO - Checking if user is product owner
03:25:21.499 [main] INFO - User found: null
03:25:21.500 [main] INFO - User is product owner
03:25:21.518 [main] INFO - Checking if user is developer
03:25:21.519 [main] INFO - User found: null
03:25:21.519 [main] INFO - User is developer
03:25:21.522 [main] INFO - Checking if user is product owner
03:25:21.523 [main] INFO - User found: testUser
03:25:21.523 [main] INFO - User is product owner
03:25:21.526 [main] INFO - Updating user visibility: testUser
03:25:21.527 [main] INFO - User visibility updated: testUser
03:25:21.532 [main] INFO - Checking if username is available
03:25:21.533 [main] INFO - Username is available: testUser
03:25:21.543 [main] INFO - Checking if user is scrum master
03:25:21.543 [main] INFO - User found: testUser
03:25:21.543 [main] INFO - User is scrum master
03:25:21.547 [main] INFO - Checking if email is valid
03:25:21.548 [main] INFO - Checking if email format is valid
03:25:21.548 [main] INFO - Email is valid: test@test.com
03:25:21.552 [main] INFO - Checking if user is developer
03:25:21.553 [main] INFO - User found: testUser
03:25:21.553 [main] INFO - User is developer
03:25:21.557 [main] INFO - Checking if token is from username
03:25:21.558 [main] INFO - Token is from username
03:25:21.560 [main] INFO - Logging out user: null
03:25:21.563 [main] INFO - Checking if phone number is valid
03:25:21.564 [main] INFO - Phone number is valid: 123456789
03:25:21.568 [main] INFO - Checking if user is scrum master
03:25:21.568 [main] INFO - User found: null
03:25:21.568 [main] INFO - User is scrum master
